<?xml version="1.0" encoding="UTF-8"?>
<!-- Generated by org.testng.reporters.JUnitXMLReporter -->
<testsuite hostname="LENOVO-T440s" name="Test" tests="10" failures="0" timestamp="18 Feb 2015 00:52:40 GMT" time="0.05" errors="0">
  <testcase name="testUserMApping" time="0.01" classname="testNg.testNgPowerOfTwo"/>
  <testcase name="testNgAssertEquals" time="0.01" classname="testNg.testNgClassAssertions"/>
  <testcase name="testUserMApping" time="0.0" classname="testNg.testNgPowerOfTwo"/>
  <testcase name="testNgAssertFalse" time="0.0" classname="testNg.testNgClassAssertions"/>
  <testcase name="testNgAssertNotNull" time="0.0" classname="testNg.testNgClassAssertions"/>
  <testcase name="testNgAssertNotSame" time="0.0" classname="testNg.testNgClassAssertions"/>
  <testcase name="testNgAssertNull" time="0.0" classname="testNg.testNgClassAssertions"/>
  <testcase name="testNgAssertSame" time="0.0" classname="testNg.testNgClassAssertions"/>
  <testcase name="testNgAssertTrue" time="0.0" classname="testNg.testNgClassAssertions"/>
  <testcase name="testUserMApping" time="0.01" classname="testNg.testNgPowerOfTwo"/>
</testsuite> <!-- Test -->
