<?xml version="1.0" encoding="UTF-8"?>
<!-- Generated by org.testng.reporters.JUnitXMLReporter -->
<testsuite hostname="LENOVO-T440s" name="testNgAnnotationTestAndGroup" tests="3" failures="0" timestamp="7 Feb 2015 17:40:53 GMT" time="0.03" errors="0">
  <testcase name="test1" time="0.01" classname="testNg.testNgAnnotationTestAndGroup"/>
  <testcase name="test2" time="0.0" classname="testNg.testNgAnnotationTestAndGroup"/>
  <testcase name="test5" time="0.0" classname="testNg.testNgAnnotationTestAndGroup"/>
</testsuite> <!-- testNgAnnotationTestAndGroup -->
