<?xml version="1.0" encoding="UTF-8"?>
<!-- Generated by org.testng.reporters.JUnitXMLReporter -->
<testsuite hostname="LENOVO-T440s" name="Test1" tests="7" failures="0" timestamp="18 Feb 2015 00:52:40 GMT" time="0.02" errors="0">
  <testcase name="test1" time="0.0" classname="testNg.testNgAnnotationTestAndGroup"/>
  <testcase name="test2" time="0.0" classname="testNg.testNgAnnotationTestAndGroup"/>
  <testcase name="test3" time="0.01" classname="testNg.testNgAnnotationTestAndGroup"/>
  <testcase name="test4" time="0.0" classname="testNg.testNgAnnotationTestAndGroup"/>
  <testcase name="test5" time="0.0" classname="testNg.testNgAnnotationTestAndGroup"/>
  <testcase name="test6" time="0.0" classname="testNg.testNgAnnotationTestAndGroup"/>
  <testcase name="test7" time="0.0" classname="testNg.testNgAnnotationTestAndGroup"/>
</testsuite> <!-- Test1 -->
