<?xml version="1.0" encoding="UTF-8"?>
<!-- Generated by org.testng.reporters.JUnitXMLReporter -->
<testsuite hostname="LENOVO-T440s" name="Default test" tests="3" failures="0" timestamp="18 Feb 2015 05:38:51 GMT" time="0.047" errors="0">
  <testcase name="testPrimeNumber" time="0.016" classname="testNg.TestNgPrimeNumber"/>
  <testcase name="testPrimeNumber" time="0.0" classname="testNg.TestNgPrimeNumber"/>
  <testcase name="testPrimeNumber" time="0.0" classname="testNg.TestNgPrimeNumber"/>
</testsuite> <!-- Default test -->
