<?xml version="1.0" encoding="UTF-8"?>
<testng-results skipped="0" failed="0" total="3" passed="3">
  <reporter-output>
  </reporter-output>
  <suite name="Default suite" duration-ms="31" started-at="2015-02-18T06:44:37Z" finished-at="2015-02-18T06:44:37Z">
    <groups>
    </groups>
    <test name="Default test" duration-ms="31" started-at="2015-02-18T06:44:37Z" finished-at="2015-02-18T06:44:37Z">
      <class name="testNg.TestExer28MultipyDataTestNg">
        <test-method status="PASS" signature="testNgMultiply(int, int, int)[pri:0, instance:testNg.TestExer28MultipyDataTestNg@282003e1]" name="testNgMultiply" duration-ms="16" started-at="2015-02-17T22:44:37Z" data-provider="multiplyTest" finished-at="2015-02-17T22:44:37Z">
          <params>
            <param index="0">
              <value>
                <![CDATA[2]]>
              </value>
            </param>
            <param index="1">
              <value>
                <![CDATA[2]]>
              </value>
            </param>
            <param index="2">
              <value>
                <![CDATA[4]]>
              </value>
            </param>
          </params>
          <reporter-output>
          </reporter-output>
        </test-method> <!-- testNgMultiply -->
        <test-method status="PASS" signature="testNgMultiply(int, int, int)[pri:0, instance:testNg.TestExer28MultipyDataTestNg@282003e1]" name="testNgMultiply" duration-ms="0" started-at="2015-02-17T22:44:37Z" data-provider="multiplyTest" finished-at="2015-02-17T22:44:37Z">
          <params>
            <param index="0">
              <value>
                <![CDATA[4]]>
              </value>
            </param>
            <param index="1">
              <value>
                <![CDATA[4]]>
              </value>
            </param>
            <param index="2">
              <value>
                <![CDATA[16]]>
              </value>
            </param>
          </params>
          <reporter-output>
          </reporter-output>
        </test-method> <!-- testNgMultiply -->
        <test-method status="PASS" signature="testNgMultiply(int, int, int)[pri:0, instance:testNg.TestExer28MultipyDataTestNg@282003e1]" name="testNgMultiply" duration-ms="0" started-at="2015-02-17T22:44:37Z" data-provider="multiplyTest" finished-at="2015-02-17T22:44:37Z">
          <params>
            <param index="0">
              <value>
                <![CDATA[3]]>
              </value>
            </param>
            <param index="1">
              <value>
                <![CDATA[3]]>
              </value>
            </param>
            <param index="2">
              <value>
                <![CDATA[9]]>
              </value>
            </param>
          </params>
          <reporter-output>
          </reporter-output>
        </test-method> <!-- testNgMultiply -->
      </class> <!-- testNg.TestExer28MultipyDataTestNg -->
    </test> <!-- Default test -->
  </suite> <!-- Default suite -->
</testng-results>
